<?xml version="1.0" encoding="UTF-8"?>
<testng-results ignored="0" total="3" passed="3" failed="0" skipped="0">
  <reporter-output>
  </reporter-output>
  <suite started-at="2026-02-17T15:50:45 IST" name="Default suite" finished-at="2026-02-17T15:50:59 IST" duration-ms="13397">
    <groups>
    </groups>
    <test started-at="2026-02-17T15:50:45 IST" name="Default test" finished-at="2026-02-17T15:50:59 IST" duration-ms="13397">
      <class name="testng.LoginTest">
        <test-method signature="loginTest(java.lang.String,java.lang.String)[pri:0, instance:testng.LoginTest@6a6cb05c]" started-at="2026-02-17T15:50:46 IST" name="loginTest" data-provider="loginData" finished-at="2026-02-17T15:50:51 IST" duration-ms="5401" status="PASS">
          <params>
            <param index="0">
              <value>
                <![CDATA[user1]]>
              </value>
            </param>
            <param index="1">
              <value>
                <![CDATA[pass1]]>
              </value>
            </param>
          </params>
          <reporter-output>
          </reporter-output>
        </test-method> <!-- loginTest -->
        <test-method signature="loginTest(java.lang.String,java.lang.String)[pri:0, instance:testng.LoginTest@6a6cb05c]" started-at="2026-02-17T15:50:51 IST" name="loginTest" data-provider="loginData" finished-at="2026-02-17T15:50:55 IST" duration-ms="3981" status="PASS">
          <params>
            <param index="0">
              <value>
                <![CDATA[user2]]>
              </value>
            </param>
            <param index="1">
              <value>
                <![CDATA[pass2]]>
              </value>
            </param>
          </params>
          <reporter-output>
          </reporter-output>
        </test-method> <!-- loginTest -->
        <test-method signature="loginTest(java.lang.String,java.lang.String)[pri:0, instance:testng.LoginTest@6a6cb05c]" started-at="2026-02-17T15:50:55 IST" name="loginTest" data-provider="loginData" finished-at="2026-02-17T15:50:59 IST" duration-ms="3942" status="PASS">
          <params>
            <param index="0">
              <value>
                <![CDATA[user3]]>
              </value>
            </param>
            <param index="1">
              <value>
                <![CDATA[pass3]]>
              </value>
            </param>
          </params>
          <reporter-output>
          </reporter-output>
        </test-method> <!-- loginTest -->
      </class> <!-- testng.LoginTest -->
    </test> <!-- Default test -->
  </suite> <!-- Default suite -->
</testng-results>
