<?xml version="1.0" encoding="UTF-8"?>
<testng-results ignored="0" total="4" passed="4" failed="0" skipped="0">
  <reporter-output>
  </reporter-output>
  <suite started-at="2026-02-27T16:17:46 IST" name="Default suite" finished-at="2026-02-27T16:17:58 IST" duration-ms="12028">
    <groups>
    </groups>
    <test started-at="2026-02-27T16:17:46 IST" name="Default test" finished-at="2026-02-27T16:17:58 IST" duration-ms="12028">
      <class name="tests.LoginTest">
        <test-method is-config="true" signature="setupEnvironment()[pri:0, instance:tests.LoginTest@702657cc]" started-at="2026-02-27T16:17:46 IST" name="setupEnvironment" finished-at="2026-02-27T16:17:46 IST" duration-ms="11" status="PASS">
          <reporter-output>
          </reporter-output>
        </test-method> <!-- setupEnvironment -->
        <test-method is-config="true" signature="launchBrowser()[pri:0, instance:tests.LoginTest@702657cc]" started-at="2026-02-27T16:17:47 IST" name="launchBrowser" finished-at="2026-02-27T16:17:50 IST" duration-ms="3587" status="PASS">
          <reporter-output>
          </reporter-output>
        </test-method> <!-- launchBrowser -->
        <test-method signature="loginTest(java.lang.String,java.lang.String,java.lang.String)[pri:0, instance:tests.LoginTest@702657cc]" started-at="2026-02-27T16:17:50 IST" name="loginTest" data-provider="loginData" finished-at="2026-02-27T16:17:51 IST" duration-ms="385" status="PASS">
          <params>
            <param index="0">
              <value>
                <![CDATA[standard_user]]>
              </value>
            </param>
            <param index="1">
              <value>
                <![CDATA[secret_sauce]]>
              </value>
            </param>
            <param index="2">
              <value>
                <![CDATA[success]]>
              </value>
            </param>
          </params>
          <reporter-output>
          </reporter-output>
        </test-method> <!-- loginTest -->
        <test-method is-config="true" signature="closeBrowser()[pri:0, instance:tests.LoginTest@702657cc]" started-at="2026-02-27T16:17:51 IST" name="closeBrowser" finished-at="2026-02-27T16:17:51 IST" duration-ms="251" status="PASS">
          <reporter-output>
          </reporter-output>
        </test-method> <!-- closeBrowser -->
        <test-method is-config="true" signature="launchBrowser()[pri:0, instance:tests.LoginTest@702657cc]" started-at="2026-02-27T16:17:51 IST" name="launchBrowser" finished-at="2026-02-27T16:17:52 IST" duration-ms="1053" status="PASS">
          <reporter-output>
          </reporter-output>
        </test-method> <!-- launchBrowser -->
        <test-method signature="loginTest(java.lang.String,java.lang.String,java.lang.String)[pri:0, instance:tests.LoginTest@702657cc]" started-at="2026-02-27T16:17:52 IST" name="loginTest" data-provider="loginData" finished-at="2026-02-27T16:17:53 IST" duration-ms="1015" status="PASS">
          <params>
            <param index="0">
              <value>
                <![CDATA[standard_user]]>
              </value>
            </param>
            <param index="1">
              <value>
                <![CDATA[wrong_pass]]>
              </value>
            </param>
            <param index="2">
              <value>
                <![CDATA[error]]>
              </value>
            </param>
          </params>
          <reporter-output>
          </reporter-output>
        </test-method> <!-- loginTest -->
        <test-method is-config="true" signature="closeBrowser()[pri:0, instance:tests.LoginTest@702657cc]" started-at="2026-02-27T16:17:53 IST" name="closeBrowser" finished-at="2026-02-27T16:17:53 IST" duration-ms="220" status="PASS">
          <reporter-output>
          </reporter-output>
        </test-method> <!-- closeBrowser -->
        <test-method is-config="true" signature="launchBrowser()[pri:0, instance:tests.LoginTest@702657cc]" started-at="2026-02-27T16:17:53 IST" name="launchBrowser" finished-at="2026-02-27T16:17:55 IST" duration-ms="1561" status="PASS">
          <reporter-output>
          </reporter-output>
        </test-method> <!-- launchBrowser -->
        <test-method signature="loginTest(java.lang.String,java.lang.String,java.lang.String)[pri:0, instance:tests.LoginTest@702657cc]" started-at="2026-02-27T16:17:55 IST" name="loginTest" data-provider="loginData" finished-at="2026-02-27T16:17:55 IST" duration-ms="581" status="PASS">
          <params>
            <param index="0">
              <value>
                <![CDATA[wrong_user]]>
              </value>
            </param>
            <param index="1">
              <value>
                <![CDATA[secret_sauce]]>
              </value>
            </param>
            <param index="2">
              <value>
                <![CDATA[error]]>
              </value>
            </param>
          </params>
          <reporter-output>
          </reporter-output>
        </test-method> <!-- loginTest -->
        <test-method is-config="true" signature="closeBrowser()[pri:0, instance:tests.LoginTest@702657cc]" started-at="2026-02-27T16:17:55 IST" name="closeBrowser" finished-at="2026-02-27T16:17:55 IST" duration-ms="234" status="PASS">
          <reporter-output>
          </reporter-output>
        </test-method> <!-- closeBrowser -->
        <test-method is-config="true" signature="launchBrowser()[pri:0, instance:tests.LoginTest@702657cc]" started-at="2026-02-27T16:17:55 IST" name="launchBrowser" finished-at="2026-02-27T16:17:57 IST" duration-ms="1529" status="PASS">
          <reporter-output>
          </reporter-output>
        </test-method> <!-- launchBrowser -->
        <test-method signature="loginTest(java.lang.String,java.lang.String,java.lang.String)[pri:0, instance:tests.LoginTest@702657cc]" started-at="2026-02-27T16:17:57 IST" name="loginTest" data-provider="loginData" finished-at="2026-02-27T16:17:57 IST" duration-ms="428" status="PASS">
          <params>
            <param index="0">
              <value>
                <![CDATA[]]>
              </value>
            </param>
            <param index="1">
              <value>
                <![CDATA[]]>
              </value>
            </param>
            <param index="2">
              <value>
                <![CDATA[empty]]>
              </value>
            </param>
          </params>
          <reporter-output>
          </reporter-output>
        </test-method> <!-- loginTest -->
        <test-method is-config="true" signature="closeBrowser()[pri:0, instance:tests.LoginTest@702657cc]" started-at="2026-02-27T16:17:57 IST" name="closeBrowser" finished-at="2026-02-27T16:17:58 IST" duration-ms="213" status="PASS">
          <reporter-output>
          </reporter-output>
        </test-method> <!-- closeBrowser -->
        <test-method is-config="true" signature="tearDownEnvironment()[pri:0, instance:tests.LoginTest@702657cc]" started-at="2026-02-27T16:17:58 IST" name="tearDownEnvironment" finished-at="2026-02-27T16:17:58 IST" duration-ms="1" status="PASS">
          <reporter-output>
          </reporter-output>
        </test-method> <!-- tearDownEnvironment -->
      </class> <!-- tests.LoginTest -->
    </test> <!-- Default test -->
  </suite> <!-- Default suite -->
</testng-results>
