<?xml version="1.0" encoding="UTF-8"?>
<!-- Generated by org.testng.reporters.JUnitXMLReporter -->
<testsuite ignored="0" hostname="BT-21051566" failures="0" tests="3" name="Default test" time="13.397" errors="0" timestamp="2026-02-17T15:50:59 IST">
  <testcase classname="testng.LoginTest" name="loginTest" time="5.401"/>
  <testcase classname="testng.LoginTest" name="loginTest" time="3.981"/>
  <testcase classname="testng.LoginTest" name="loginTest" time="3.942"/>
</testsuite> <!-- Default test -->
