<?xml version="1.0" encoding="UTF-8"?>
<!-- Generated by org.testng.reporters.JUnitReportReporter -->
<testsuite hostname="BT-21051566" failures="0" tests="3" name="testng.TestClass" time="0.018" errors="0" timestamp="2026-03-02T12:39:45 IST" skipped="0">
  <testcase classname="testng.TestClass" name="test3" time="0.002"/>
  <testcase classname="testng.TestClass" name="test1" time="0.014"/>
  <testcase classname="testng.TestClass" name="test2" time="0.002"/>
</testsuite> <!-- testng.TestClass -->
