<?xml version="1.0" encoding="UTF-8"?>
<!-- Generated by org.testng.reporters.JUnitReportReporter -->
<testsuite hostname="BT-21051566" failures="0" tests="3" name="testng.LoginTest" time="13.324" errors="0" timestamp="2026-02-17T15:50:59 IST" skipped="0">
  <testcase classname="testng.LoginTest" name="loginTest" time="3.981"/>
  <testcase classname="testng.LoginTest" name="loginTest" time="3.942"/>
  <testcase classname="testng.LoginTest" name="loginTest" time="5.401"/>
</testsuite> <!-- testng.LoginTest -->
