<?xml version="1.0" encoding="UTF-8"?>
<testng-results ignored="0" total="1" passed="1" failed="0" skipped="0">
  <reporter-output>
  </reporter-output>
  <suite started-at="2026-02-23T09:52:34 IST" name="Default suite" finished-at="2026-02-23T09:52:38 IST" duration-ms="3632">
    <groups>
    </groups>
    <test started-at="2026-02-23T09:52:34 IST" name="Default test" finished-at="2026-02-23T09:52:38 IST" duration-ms="3632">
      <class name="Rest.Test_15_API_TEST_DEL">
        <test-method signature="deleteProductTest()[pri:0, instance:Rest.Test_15_API_TEST_DEL@c8c12ac]" started-at="2026-02-23T09:52:34 IST" name="deleteProductTest" finished-at="2026-02-23T09:52:38 IST" duration-ms="3583" status="PASS">
          <reporter-output>
          </reporter-output>
        </test-method> <!-- deleteProductTest -->
      </class> <!-- Rest.Test_15_API_TEST_DEL -->
    </test> <!-- Default test -->
  </suite> <!-- Default suite -->
</testng-results>
