<?xml version="1.0" encoding="UTF-8"?>
<testng-results ignored="0" total="1" passed="1" failed="0" skipped="0">
  <reporter-output>
  </reporter-output>
  <suite started-at="2026-02-18T16:44:03 IST" name="Default suite" finished-at="2026-02-18T16:44:08 IST" duration-ms="4299">
    <groups>
    </groups>
    <test started-at="2026-02-18T16:44:03 IST" name="Default test" finished-at="2026-02-18T16:44:08 IST" duration-ms="4299">
      <class name="testng.test">
        <test-method signature="getScorecardAndTopScorer()[pri:0, instance:testng.test@4c12331b]" started-at="2026-02-18T16:44:03 IST" name="getScorecardAndTopScorer" finished-at="2026-02-18T16:44:08 IST" duration-ms="4246" status="PASS">
          <reporter-output>
          </reporter-output>
        </test-method> <!-- getScorecardAndTopScorer -->
      </class> <!-- testng.test -->
    </test> <!-- Default test -->
  </suite> <!-- Default suite -->
</testng-results>
