<?xml version="1.0" encoding="UTF-8"?>
<!-- Generated by org.testng.reporters.JUnitReportReporter -->
<testsuite hostname="BT-21051566" failures="0" tests="4" name="Rest.TestTwo" time="7.703" errors="0" timestamp="2026-02-23T00:58:50 IST" skipped="0">
  <testcase classname="Rest.TestTwo" name="testGet" time="0.363"/>
  <testcase classname="Rest.TestTwo" name="testDelete" time="5.813"/>
  <testcase classname="Rest.TestTwo" name="testPost" time="0.596"/>
  <testcase classname="Rest.TestTwo" name="testPut" time="0.931"/>
</testsuite> <!-- Rest.TestTwo -->
