<?xml version="1.0" encoding="UTF-8"?>
<!-- Generated by org.testng.reporters.JUnitReportReporter -->
<testsuite hostname="BT-21051566" failures="0" tests="4" name="tests.LoginTest" time="11.057" errors="0" timestamp="2026-02-27T16:17:58 IST" skipped="0">
  <testcase classname="tests.LoginTest" name="loginTest" time="2.810"/>
  <testcase classname="tests.LoginTest" name="loginTest" time="4.235"/>
  <testcase classname="tests.LoginTest" name="loginTest" time="1.651"/>
  <testcase classname="tests.LoginTest" name="loginTest" time="2.361"/>
</testsuite> <!-- tests.LoginTest -->
