<?xml version="1.0" encoding="UTF-8"?>
<!-- Generated by org.testng.reporters.JUnitXMLReporter -->
<testsuite ignored="0" hostname="BT-21051566" failures="0" tests="4" name="Default test" time="12.028" errors="0" timestamp="2026-02-27T16:17:58 IST">
  <testcase classname="tests.LoginTest" name="loginTest" time="0.385"/>
  <testcase classname="tests.LoginTest" name="loginTest" time="1.015"/>
  <testcase classname="tests.LoginTest" name="loginTest" time="0.581"/>
  <testcase classname="tests.LoginTest" name="loginTest" time="0.428"/>
</testsuite> <!-- Default test -->
