<?xml version="1.0" encoding="UTF-8"?>
<!-- Generated by org.testng.reporters.JUnitReportReporter -->
<testsuite hostname="BT-21051566" failures="0" tests="5" name="testng.LoginTest1" time="25.813" errors="0" timestamp="2026-02-18T12:36:27 IST" skipped="0">
  <testcase classname="testng.LoginTest1" name="loginTest" time="4.367"/>
  <testcase classname="testng.LoginTest1" name="loginTest" time="8.379"/>
  <testcase classname="testng.LoginTest1" name="loginTest" time="4.359"/>
  <testcase classname="testng.LoginTest1" name="loginTest" time="4.183"/>
  <testcase classname="testng.LoginTest1" name="loginTest" time="4.525"/>
</testsuite> <!-- testng.LoginTest1 -->
