<?xml version="1.0" encoding="UTF-8"?>
<!-- Generated by org.testng.reporters.JUnitReportReporter -->
<testsuite hostname="BT-21051566" failures="0" tests="3" name="testng.LoginTest" time="19.706" errors="0" timestamp="2026-02-18T10:51:35 IST" skipped="0">
  <testcase classname="testng.LoginTest" name="loginTest" time="5.393"/>
  <testcase classname="testng.LoginTest" name="loginTest" time="8.906"/>
  <testcase classname="testng.LoginTest" name="loginTest" time="5.407"/>
</testsuite> <!-- testng.LoginTest -->
